Started GET "/" for ::1 at 2019-12-09 15:25:16 -0800
  
ActiveRecord::NoDatabaseError (FATAL:  database "first_routes_deux_development" does not exist
):
  
activerecord (5.2.4) lib/active_record/connection_adapters/postgresql_adapter.rb:696:in `rescue in connect'
activerecord (5.2.4) lib/active_record/connection_adapters/postgresql_adapter.rb:691:in `connect'
activerecord (5.2.4) lib/active_record/connection_adapters/postgresql_adapter.rb:223:in `initialize'
activerecord (5.2.4) lib/active_record/connection_adapters/postgresql_adapter.rb:48:in `new'
activerecord (5.2.4) lib/active_record/connection_adapters/postgresql_adapter.rb:48:in `postgresql_connection'
activerecord (5.2.4) lib/active_record/connection_adapters/abstract/connection_pool.rb:830:in `new_connection'
activerecord (5.2.4) lib/active_record/connection_adapters/abstract/connection_pool.rb:874:in `checkout_new_connection'
activerecord (5.2.4) lib/active_record/connection_adapters/abstract/connection_pool.rb:853:in `try_to_checkout_new_connection'
activerecord (5.2.4) lib/active_record/connection_adapters/abstract/connection_pool.rb:814:in `acquire_connection'
activerecord (5.2.4) lib/active_record/connection_adapters/abstract/connection_pool.rb:538:in `checkout'
activerecord (5.2.4) lib/active_record/connection_adapters/abstract/connection_pool.rb:382:in `connection'
activerecord (5.2.4) lib/active_record/connection_adapters/abstract/connection_pool.rb:1033:in `retrieve_connection'
activerecord (5.2.4) lib/active_record/connection_handling.rb:118:in `retrieve_connection'
activerecord (5.2.4) lib/active_record/connection_handling.rb:90:in `connection'
activerecord (5.2.4) lib/active_record/migration.rb:554:in `call'
actionpack (5.2.4) lib/action_dispatch/middleware/callbacks.rb:28:in `block in call'
activesupport (5.2.4) lib/active_support/callbacks.rb:98:in `run_callbacks'
actionpack (5.2.4) lib/action_dispatch/middleware/callbacks.rb:26:in `call'
actionpack (5.2.4) lib/action_dispatch/middleware/executor.rb:14:in `call'
actionpack (5.2.4) lib/action_dispatch/middleware/debug_exceptions.rb:61:in `call'
web-console (3.7.0) lib/web_console/middleware.rb:135:in `call_app'
web-console (3.7.0) lib/web_console/middleware.rb:30:in `block in call'
web-console (3.7.0) lib/web_console/middleware.rb:20:in `catch'
web-console (3.7.0) lib/web_console/middleware.rb:20:in `call'
actionpack (5.2.4) lib/action_dispatch/middleware/show_exceptions.rb:33:in `call'
railties (5.2.4) lib/rails/rack/logger.rb:38:in `call_app'
railties (5.2.4) lib/rails/rack/logger.rb:26:in `block in call'
activesupport (5.2.4) lib/active_support/tagged_logging.rb:71:in `block in tagged'
activesupport (5.2.4) lib/active_support/tagged_logging.rb:28:in `tagged'
activesupport (5.2.4) lib/active_support/tagged_logging.rb:71:in `tagged'
railties (5.2.4) lib/rails/rack/logger.rb:26:in `call'
sprockets-rails (3.2.1) lib/sprockets/rails/quiet_assets.rb:13:in `call'
actionpack (5.2.4) lib/action_dispatch/middleware/remote_ip.rb:81:in `call'
actionpack (5.2.4) lib/action_dispatch/middleware/request_id.rb:27:in `call'
rack (2.0.7) lib/rack/method_override.rb:22:in `call'
rack (2.0.7) lib/rack/runtime.rb:22:in `call'
activesupport (5.2.4) lib/active_support/cache/strategy/local_cache_middleware.rb:29:in `call'
actionpack (5.2.4) lib/action_dispatch/middleware/executor.rb:14:in `call'
actionpack (5.2.4) lib/action_dispatch/middleware/static.rb:127:in `call'
rack (2.0.7) lib/rack/sendfile.rb:111:in `call'
railties (5.2.4) lib/rails/engine.rb:524:in `call'
puma (3.12.2) lib/puma/configuration.rb:227:in `call'
puma (3.12.2) lib/puma/server.rb:674:in `handle_request'
puma (3.12.2) lib/puma/server.rb:476:in `process_client'
puma (3.12.2) lib/puma/server.rb:334:in `block in run'
puma (3.12.2) lib/puma/thread_pool.rb:135:in `block in spawn_thread'
  [1m[35m (1204.2ms)[0m  [1m[35mCREATE DATABASE "first_routes_deux_development" ENCODING = 'unicode'[0m
  ↳ bin/rails:9
  [1m[35m (1421.3ms)[0m  [1m[35mCREATE DATABASE "first_routes_deux_test" ENCODING = 'unicode'[0m
  ↳ bin/rails:9
Started GET "/" for ::1 at 2019-12-09 15:25:47 -0800
Processing by Rails::WelcomeController#index as */*
  Rendering /home/john/.rvm/gems/ruby-2.6.3/gems/railties-5.2.4/lib/rails/templates/rails/welcome/index.html.erb
  Rendered /home/john/.rvm/gems/ruby-2.6.3/gems/railties-5.2.4/lib/rails/templates/rails/welcome/index.html.erb (1.9ms)
Completed 200 OK in 11ms (Views: 5.0ms | ActiveRecord: 0.0ms)


Started GET "/users" for ::1 at 2019-12-09 15:26:31 -0800
  
AbstractController::ActionNotFound (The action 'index' could not be found for UsersController):
  
actionpack (5.2.4) lib/abstract_controller/base.rb:129:in `process'
actionview (5.2.4) lib/action_view/rendering.rb:32:in `process'
actionpack (5.2.4) lib/action_controller/metal.rb:191:in `dispatch'
actionpack (5.2.4) lib/action_controller/metal.rb:252:in `dispatch'
actionpack (5.2.4) lib/action_dispatch/routing/route_set.rb:52:in `dispatch'
actionpack (5.2.4) lib/action_dispatch/routing/route_set.rb:34:in `serve'
actionpack (5.2.4) lib/action_dispatch/journey/router.rb:52:in `block in serve'
actionpack (5.2.4) lib/action_dispatch/journey/router.rb:35:in `each'
actionpack (5.2.4) lib/action_dispatch/journey/router.rb:35:in `serve'
actionpack (5.2.4) lib/action_dispatch/routing/route_set.rb:840:in `call'
rack (2.0.7) lib/rack/tempfile_reaper.rb:15:in `call'
rack (2.0.7) lib/rack/etag.rb:25:in `call'
rack (2.0.7) lib/rack/conditional_get.rb:25:in `call'
rack (2.0.7) lib/rack/head.rb:12:in `call'
actionpack (5.2.4) lib/action_dispatch/http/content_security_policy.rb:18:in `call'
rack (2.0.7) lib/rack/session/abstract/id.rb:232:in `context'
rack (2.0.7) lib/rack/session/abstract/id.rb:226:in `call'
actionpack (5.2.4) lib/action_dispatch/middleware/cookies.rb:670:in `call'
activerecord (5.2.4) lib/active_record/migration.rb:559:in `call'
actionpack (5.2.4) lib/action_dispatch/middleware/callbacks.rb:28:in `block in call'
activesupport (5.2.4) lib/active_support/callbacks.rb:98:in `run_callbacks'
actionpack (5.2.4) lib/action_dispatch/middleware/callbacks.rb:26:in `call'
actionpack (5.2.4) lib/action_dispatch/middleware/executor.rb:14:in `call'
actionpack (5.2.4) lib/action_dispatch/middleware/debug_exceptions.rb:61:in `call'
web-console (3.7.0) lib/web_console/middleware.rb:135:in `call_app'
web-console (3.7.0) lib/web_console/middleware.rb:30:in `block in call'
web-console (3.7.0) lib/web_console/middleware.rb:20:in `catch'
web-console (3.7.0) lib/web_console/middleware.rb:20:in `call'
actionpack (5.2.4) lib/action_dispatch/middleware/show_exceptions.rb:33:in `call'
railties (5.2.4) lib/rails/rack/logger.rb:38:in `call_app'
railties (5.2.4) lib/rails/rack/logger.rb:26:in `block in call'
activesupport (5.2.4) lib/active_support/tagged_logging.rb:71:in `block in tagged'
activesupport (5.2.4) lib/active_support/tagged_logging.rb:28:in `tagged'
activesupport (5.2.4) lib/active_support/tagged_logging.rb:71:in `tagged'
railties (5.2.4) lib/rails/rack/logger.rb:26:in `call'
sprockets-rails (3.2.1) lib/sprockets/rails/quiet_assets.rb:13:in `call'
actionpack (5.2.4) lib/action_dispatch/middleware/remote_ip.rb:81:in `call'
actionpack (5.2.4) lib/action_dispatch/middleware/request_id.rb:27:in `call'
rack (2.0.7) lib/rack/method_override.rb:22:in `call'
rack (2.0.7) lib/rack/runtime.rb:22:in `call'
activesupport (5.2.4) lib/active_support/cache/strategy/local_cache_middleware.rb:29:in `call'
actionpack (5.2.4) lib/action_dispatch/middleware/executor.rb:14:in `call'
actionpack (5.2.4) lib/action_dispatch/middleware/static.rb:127:in `call'
rack (2.0.7) lib/rack/sendfile.rb:111:in `call'
railties (5.2.4) lib/rails/engine.rb:524:in `call'
puma (3.12.2) lib/puma/configuration.rb:227:in `call'
puma (3.12.2) lib/puma/server.rb:674:in `handle_request'
puma (3.12.2) lib/puma/server.rb:476:in `process_client'
puma (3.12.2) lib/puma/server.rb:334:in `block in run'
puma (3.12.2) lib/puma/thread_pool.rb:135:in `block in spawn_thread'
Started GET "/users" for ::1 at 2019-12-09 15:27:49 -0800

AbstractController::ActionNotFound - The action 'index' could not be found for UsersController:

Started GET "/users" for ::1 at 2019-12-09 15:28:22 -0800
Processing by UsersController#index as */*
No template found for UsersController#index, rendering head :no_content
Completed 204 No Content in 15ms (ActiveRecord: 0.0ms)


Started GET "/users" for ::1 at 2019-12-09 15:28:57 -0800
Processing by UsersController#index as */*
  Rendering text template
  Rendered text template (0.0ms)
Completed 200 OK in 2ms (Views: 1.3ms | ActiveRecord: 0.0ms)


Started GET "/users?key=value" for ::1 at 2019-12-09 15:31:41 -0800
Processing by UsersController#index as */*
  Parameters: {"key"=>"value"}
  Rendering text template
  Rendered text template (0.0ms)
Completed 200 OK in 1ms (Views: 0.3ms | ActiveRecord: 0.0ms)


Started POST "/users" for ::1 at 2019-12-09 15:33:14 -0800

AbstractController::ActionNotFound - The action 'create' could not be found for UsersController:

Started POST "/users" for ::1 at 2019-12-09 15:33:57 -0800
Processing by UsersController#create as */*
  Parameters: {"something"=>"goes", "here"=>"hooray"}
Completed 200 OK in 0ms (Views: 0.2ms | ActiveRecord: 0.0ms)


Started POST "/users/" for ::1 at 2019-12-09 15:34:33 -0800
Processing by UsersController#create as */*
  Parameters: {"something"=>"goes", "here"=>"hooray"}
Completed 200 OK in 0ms (Views: 0.1ms | ActiveRecord: 0.0ms)


Started GET "/users/1" for ::1 at 2019-12-09 15:35:22 -0800

AbstractController::ActionNotFound - The action 'show' could not be found for UsersController:

Started GET "/users/1" for ::1 at 2019-12-09 15:35:56 -0800
Processing by UsersController#show as */*
  Parameters: {"something"=>"goes", "here"=>"hooray", "id"=>"1"}
Completed 200 OK in 0ms (Views: 0.2ms | ActiveRecord: 0.0ms)


Started GET "/users/384753845" for ::1 at 2019-12-09 15:36:08 -0800
Processing by UsersController#show as */*
  Parameters: {"something"=>"goes", "here"=>"hooray", "id"=>"384753845"}
Completed 200 OK in 0ms (Views: 0.1ms | ActiveRecord: 0.0ms)


Started GET "/users/384753845" for ::1 at 2019-12-09 15:36:17 -0800
Processing by UsersController#show as */*
  Parameters: {"something"=>"goes", "id"=>"384753845"}
Completed 200 OK in 0ms (Views: 0.2ms | ActiveRecord: 0.0ms)


Started POST "/users/384753845" for ::1 at 2019-12-09 15:37:52 -0800
  
ActionController::RoutingError (No route matches [POST] "/users/384753845"):
  
actionpack (5.2.4) lib/action_dispatch/middleware/debug_exceptions.rb:65:in `call'
web-console (3.7.0) lib/web_console/middleware.rb:135:in `call_app'
web-console (3.7.0) lib/web_console/middleware.rb:30:in `block in call'
web-console (3.7.0) lib/web_console/middleware.rb:20:in `catch'
web-console (3.7.0) lib/web_console/middleware.rb:20:in `call'
actionpack (5.2.4) lib/action_dispatch/middleware/show_exceptions.rb:33:in `call'
railties (5.2.4) lib/rails/rack/logger.rb:38:in `call_app'
railties (5.2.4) lib/rails/rack/logger.rb:26:in `block in call'
activesupport (5.2.4) lib/active_support/tagged_logging.rb:71:in `block in tagged'
activesupport (5.2.4) lib/active_support/tagged_logging.rb:28:in `tagged'
activesupport (5.2.4) lib/active_support/tagged_logging.rb:71:in `tagged'
railties (5.2.4) lib/rails/rack/logger.rb:26:in `call'
sprockets-rails (3.2.1) lib/sprockets/rails/quiet_assets.rb:13:in `call'
actionpack (5.2.4) lib/action_dispatch/middleware/remote_ip.rb:81:in `call'
actionpack (5.2.4) lib/action_dispatch/middleware/request_id.rb:27:in `call'
rack (2.0.7) lib/rack/method_override.rb:22:in `call'
rack (2.0.7) lib/rack/runtime.rb:22:in `call'
activesupport (5.2.4) lib/active_support/cache/strategy/local_cache_middleware.rb:29:in `call'
actionpack (5.2.4) lib/action_dispatch/middleware/executor.rb:14:in `call'
actionpack (5.2.4) lib/action_dispatch/middleware/static.rb:127:in `call'
rack (2.0.7) lib/rack/sendfile.rb:111:in `call'
railties (5.2.4) lib/rails/engine.rb:524:in `call'
puma (3.12.2) lib/puma/configuration.rb:227:in `call'
puma (3.12.2) lib/puma/server.rb:674:in `handle_request'
puma (3.12.2) lib/puma/server.rb:476:in `process_client'
puma (3.12.2) lib/puma/server.rb:334:in `block in run'
puma (3.12.2) lib/puma/thread_pool.rb:135:in `block in spawn_thread'
Started POST "/users" for ::1 at 2019-12-09 15:38:09 -0800
Processing by UsersController#create as */*
  Parameters: {"some_category"=>{"a_key"=>{": 'another value'\nsome_category"=>{"a_second_key"=>{": 'yet another value'\nsome_category"=>{"inner_inner_hash"=>{"key"=>{": 'value'\nsomething_else: 'aaahhhhh'"=>nil}}}}}}}}
Completed 200 OK in 0ms (Views: 0.2ms | ActiveRecord: 0.0ms)


Started GET "/users?some_category[a_key]=another+value&some_category[a_second_key]=yet+another+value" for ::1 at 2019-12-09 15:38:57 -0800
Processing by UsersController#index as HTML
  Parameters: {"some_category"=>{"a_key"=>"another value", "a_second_key"=>"yet another value"}}
  Rendering text template
  Rendered text template (0.0ms)
Completed 200 OK in 1ms (Views: 0.8ms | ActiveRecord: 0.0ms)


Started GET "/users?some_category[a_key]=another+value&some_category[a_second_key]=yet+another+value" for ::1 at 2019-12-09 15:39:19 -0800
Processing by UsersController#index as HTML
  Parameters: {"some_category"=>{"a_key"=>"another value", "a_second_key"=>"yet another value"}}
Completed 200 OK in 0ms (Views: 0.1ms | ActiveRecord: 0.0ms)


Started GET "/users?some_category[a_key]=another+value&some_category[a_second_key]=yet+another+value" for ::1 at 2019-12-09 15:39:45 -0800
Processing by UsersController#index as */*
  Parameters: {"some_category"=>{"a_key"=>"another value", "a_second_key"=>"yet another value"}}
Completed 200 OK in 0ms (Views: 0.2ms | ActiveRecord: 0.0ms)


Started POST "/users?some_category[a_key]=another+value&some_category[a_second_key]=yet+another+value" for ::1 at 2019-12-09 15:41:09 -0800
Processing by UsersController#create as */*
  Parameters: {"some_category"=>{"a_key"=>"another value", "a_second_key"=>"yet another value"}}
Completed 200 OK in 0ms (Views: 0.2ms | ActiveRecord: 0.0ms)


Started POST "/users" for ::1 at 2019-12-09 15:41:22 -0800
Processing by UsersController#create as */*
  Parameters: {"some_category"=>{"a_key"=>{": 'another value'\nsome_category"=>{"a_second_key"=>{": 'yet another value'\nsome_category"=>{"inner_inner_hash"=>{"key"=>{": 'value'\nsomething_else: 'aaahhhhh'\nmore"=>nil}}}}}}}}
Completed 200 OK in 0ms (Views: 0.1ms | ActiveRecord: 0.0ms)


Started POST "/users" for ::1 at 2019-12-09 15:42:08 -0800
Processing by UsersController#create as */*
  Parameters: {"{some_category"=>{"a_key"=>{": 'another value',\nsome_category"=>{"a_second_key"=>{": 'yet another value',\nsome_category"=>{"inner_inner_hash"=>{"key"=>{": 'value',\nsomething_else: 'aaahhhhh'}"=>nil}}}}}}}}
Completed 200 OK in 0ms (Views: 0.1ms | ActiveRecord: 0.0ms)


Started POST "/users" for ::1 at 2019-12-09 15:42:15 -0800
Processing by UsersController#create as */*
  Parameters: {"some_category"=>{"a_key"=>{": 'another value',\nsome_category"=>{"a_second_key"=>{": 'yet another value',\nsome_category"=>{"inner_inner_hash"=>{"key"=>{": 'value',\nsomething_else: 'aaahhhhh'"=>nil}}}}}}}}
Completed 200 OK in 1ms (Views: 0.2ms | ActiveRecord: 0.0ms)


Started POST "/users" for ::1 at 2019-12-09 15:42:26 -0800
Processing by UsersController#create as */*
  Parameters: {"some_category"=>{"a_key"=>{": 'another value',\nsome_category"=>{"a_second_key"=>{": 'yet another value',\nsome_category"=>{"inner_inner_hash"=>{"key"=>{": 'value',\nsomething_else: 'aaahhhhh'\nmore"=>nil}}}}}}}}
Completed 200 OK in 1ms (Views: 0.2ms | ActiveRecord: 0.0ms)


  [1m[35m (41.0ms)[0m  [1m[35mCREATE TABLE "schema_migrations" ("version" character varying NOT NULL PRIMARY KEY)[0m
  ↳ bin/rails:9
  [1m[35m (38.0ms)[0m  [1m[35mCREATE TABLE "ar_internal_metadata" ("key" character varying NOT NULL PRIMARY KEY, "value" character varying, "created_at" timestamp NOT NULL, "updated_at" timestamp NOT NULL)[0m
  ↳ bin/rails:9
  [1m[35m (0.2ms)[0m  [1m[34mSELECT pg_try_advisory_lock(5991560949543503355)[0m
  ↳ bin/rails:9
  [1m[35m (0.2ms)[0m  [1m[34mSELECT "schema_migrations"."version" FROM "schema_migrations" ORDER BY "schema_migrations"."version" ASC[0m
  ↳ bin/rails:9
Migrating to CreateUsers (20191209234333)
  [1m[35m (0.1ms)[0m  [1m[35mBEGIN[0m
  ↳ bin/rails:9
  [1m[35m (28.8ms)[0m  [1m[35mCREATE TABLE "users" ("id" bigserial primary key, "name" character varying, "email" character varying)[0m
  ↳ db/migrate/20191209234333_create_users.rb:3
  [1m[36mActiveRecord::SchemaMigration Create (0.3ms)[0m  [1m[32mINSERT INTO "schema_migrations" ("version") VALUES ($1) RETURNING "version"[0m  [["version", "20191209234333"]]
  ↳ bin/rails:9
  [1m[35m (7.9ms)[0m  [1m[35mCOMMIT[0m
  ↳ bin/rails:9
  [1m[36mActiveRecord::InternalMetadata Load (0.2ms)[0m  [1m[34mSELECT  "ar_internal_metadata".* FROM "ar_internal_metadata" WHERE "ar_internal_metadata"."key" = $1 LIMIT $2[0m  [["key", "environment"], ["LIMIT", 1]]
  ↳ bin/rails:9
  [1m[35m (0.1ms)[0m  [1m[35mBEGIN[0m
  ↳ bin/rails:9
  [1m[36mActiveRecord::InternalMetadata Create (0.2ms)[0m  [1m[32mINSERT INTO "ar_internal_metadata" ("key", "value", "created_at", "updated_at") VALUES ($1, $2, $3, $4) RETURNING "key"[0m  [["key", "environment"], ["value", "development"], ["created_at", "2019-12-09 23:45:35.800852"], ["updated_at", "2019-12-09 23:45:35.800852"]]
  ↳ bin/rails:9
  [1m[35m (10.2ms)[0m  [1m[35mCOMMIT[0m
  ↳ bin/rails:9
  [1m[35m (0.2ms)[0m  [1m[34mSELECT pg_advisory_unlock(5991560949543503355)[0m
  ↳ bin/rails:9
  [1m[35m (0.2ms)[0m  [1m[34mSELECT "schema_migrations"."version" FROM "schema_migrations" ORDER BY "schema_migrations"."version" ASC[0m
  ↳ bin/rails:9
  [1m[35m (0.3ms)[0m  [1m[34mSELECT "schema_migrations"."version" FROM "schema_migrations" ORDER BY "schema_migrations"."version" ASC[0m
  ↳ bin/rails:9
  [1m[35m (0.1ms)[0m  [1m[35mBEGIN[0m
  [1m[36mUser Create (0.5ms)[0m  [1m[32mINSERT INTO "users" ("name", "email") VALUES ($1, $2) RETURNING "id"[0m  [["name", "john"], ["email", "john.enriquez@gmail.com"]]
  [1m[35m (22.3ms)[0m  [1m[35mCOMMIT[0m
  [1m[35m (0.1ms)[0m  [1m[35mBEGIN[0m
  [1m[36mUser Create (0.3ms)[0m  [1m[32mINSERT INTO "users" ("name", "email") VALUES ($1, $2) RETURNING "id"[0m  [["name", "don"], ["email", "dons@gmail.com"]]
  [1m[35m (3.4ms)[0m  [1m[35mCOMMIT[0m
  [1m[35m (0.1ms)[0m  [1m[35mBEGIN[0m
  [1m[35m (0.2ms)[0m  [1m[31mROLLBACK[0m
  [1m[35m (0.2ms)[0m  [1m[35mBEGIN[0m
  [1m[35m (0.2ms)[0m  [1m[31mROLLBACK[0m
Started POST "/users" for ::1 at 2019-12-09 15:49:23 -0800
  [1m[35m (0.7ms)[0m  [1m[34mSELECT "schema_migrations"."version" FROM "schema_migrations" ORDER BY "schema_migrations"."version" ASC[0m
  ↳ /home/john/.rvm/gems/ruby-2.6.3/gems/activerecord-5.2.4/lib/active_record/log_subscriber.rb:98
Processing by UsersController#create as */*
  Parameters: {"some_category"=>{"a_key"=>{": 'another value',\nsome_category"=>{"a_second_key"=>{": 'yet another value',\nsome_category"=>{"inner_inner_hash"=>{"key"=>{": 'value',\nsomething_else: 'aaahhhhh'\nmore"=>nil}}}}}}}}
Completed 200 OK in 3ms (Views: 0.2ms | ActiveRecord: 0.0ms)


Started GET "/users" for ::1 at 2019-12-09 15:49:28 -0800
Processing by UsersController#index as */*
  Parameters: {"some_category"=>{"a_key"=>{": 'another value',\nsome_category"=>{"a_second_key"=>{": 'yet another value',\nsome_category"=>{"inner_inner_hash"=>{"key"=>{": 'value',\nsomething_else: 'aaahhhhh'\nmore"=>nil}}}}}}}}
  [1m[36mUser Load (0.4ms)[0m  [1m[34mSELECT "users".* FROM "users"[0m
  ↳ app/controllers/users_controller.rb:6
Completed 200 OK in 11ms (Views: 5.0ms | ActiveRecord: 3.9ms)


Started POST "/users?user[name]=Andy&user[email]=wyn@koop.net" for ::1 at 2019-12-09 15:54:22 -0800
  [1m[35m (0.5ms)[0m  [1m[34mSELECT "schema_migrations"."version" FROM "schema_migrations" ORDER BY "schema_migrations"."version" ASC[0m
  ↳ /home/john/.rvm/gems/ruby-2.6.3/gems/activerecord-5.2.4/lib/active_record/log_subscriber.rb:98
Processing by UsersController#create as */*
  Parameters: {"some_category"=>{"a_key"=>{": 'another value',\nsome_category"=>{"a_second_key"=>{": 'yet another value',\nsome_category"=>{"inner_inner_hash"=>{"key"=>{": 'value',\nsomething_else: 'aaahhhhh'\nmore"=>nil}}}}}}}, "user"=>{"name"=>"Andy", "email"=>"wyn@koop.net"}}
  [1m[35m (0.1ms)[0m  [1m[35mBEGIN[0m
  ↳ app/controllers/users_controller.rb:12
  [1m[36mUser Create (0.3ms)[0m  [1m[32mINSERT INTO "users" ("name", "email") VALUES ($1, $2) RETURNING "id"[0m  [["name", "Andy"], ["email", "wyn@koop.net"]]
  ↳ app/controllers/users_controller.rb:12
  [1m[35m (5.1ms)[0m  [1m[35mCOMMIT[0m
  ↳ app/controllers/users_controller.rb:12
Completed 200 OK in 18ms (Views: 0.2ms | ActiveRecord: 9.0ms)


Started GET "/users" for ::1 at 2019-12-09 15:54:39 -0800
Processing by UsersController#index as */*
  Parameters: {"some_category"=>{"a_key"=>{": 'another value',\nsome_category"=>{"a_second_key"=>{": 'yet another value',\nsome_category"=>{"inner_inner_hash"=>{"key"=>{": 'value',\nsomething_else: 'aaahhhhh'\nmore"=>nil}}}}}}}}
  [1m[36mUser Load (0.3ms)[0m  [1m[34mSELECT "users".* FROM "users"[0m
  ↳ app/controllers/users_controller.rb:6
Completed 200 OK in 2ms (Views: 1.1ms | ActiveRecord: 0.3ms)


Started POST "/users?wrongkey=goeshere" for ::1 at 2019-12-09 15:54:57 -0800
Processing by UsersController#create as */*
  Parameters: {"some_category"=>{"a_key"=>{": 'another value',\nsome_category"=>{"a_second_key"=>{": 'yet another value',\nsome_category"=>{"inner_inner_hash"=>{"key"=>{": 'value',\nsomething_else: 'aaahhhhh'\nmore"=>nil}}}}}}}, "wrongkey"=>"goeshere"}
Completed 400 Bad Request in 1ms (ActiveRecord: 0.0ms)



ActionController::ParameterMissing - param is missing or the value is empty: user:
  app/controllers/users_controller.rb:10:in `create'

Started POST "/users?user=goeshere" for ::1 at 2019-12-09 15:55:07 -0800
Processing by UsersController#create as */*
  Parameters: {"some_category"=>{"a_key"=>{": 'another value',\nsome_category"=>{"a_second_key"=>{": 'yet another value',\nsome_category"=>{"inner_inner_hash"=>{"key"=>{": 'value',\nsomething_else: 'aaahhhhh'\nmore"=>nil}}}}}}}, "user"=>"goeshere"}
Completed 500 Internal Server Error in 2ms (ActiveRecord: 0.0ms)



NoMethodError - undefined method `permit' for "goeshere":String:
  app/controllers/users_controller.rb:10:in `create'

Started POST "/users?user[wrongkey]=goeshere" for ::1 at 2019-12-09 15:55:27 -0800
Processing by UsersController#create as */*
  Parameters: {"some_category"=>{"a_key"=>{": 'another value',\nsome_category"=>{"a_second_key"=>{": 'yet another value',\nsome_category"=>{"inner_inner_hash"=>{"key"=>{": 'value',\nsomething_else: 'aaahhhhh'\nmore"=>nil}}}}}}}, "user"=>{"wrongkey"=>"goeshere"}}
Unpermitted parameter: :wrongkey
  [1m[35m (0.1ms)[0m  [1m[35mBEGIN[0m
  ↳ app/controllers/users_controller.rb:12
  [1m[35m (0.1ms)[0m  [1m[31mROLLBACK[0m
  ↳ app/controllers/users_controller.rb:12
Completed 422 Unprocessable Entity in 3ms (ActiveRecord: 0.3ms)



ActiveRecord::RecordInvalid - Validation failed: Name can't be blank, Email can't be blank:
  app/controllers/users_controller.rb:12:in `create'

Started POST "/users?user[wrongkey]=goeshere" for ::1 at 2019-12-09 15:56:09 -0800
Processing by UsersController#create as */*
  Parameters: {"some_category"=>{"a_key"=>{": 'another value',\nsome_category"=>{"a_second_key"=>{": 'yet another value',\nsome_category"=>{"inner_inner_hash"=>{"key"=>{": 'value',\nsomething_else: 'aaahhhhh'\nmore"=>nil}}}}}}}, "user"=>{"wrongkey"=>"goeshere"}}
Unpermitted parameter: :wrongkey
  [1m[35m (0.2ms)[0m  [1m[35mBEGIN[0m
  ↳ app/controllers/users_controller.rb:11
  [1m[35m (0.1ms)[0m  [1m[31mROLLBACK[0m
  ↳ app/controllers/users_controller.rb:11
Completed 422 Unprocessable Entity in 20ms (Views: 0.2ms | ActiveRecord: 2.0ms)


Started POST "/users?user[name]=trevor&user[email]=up@tain.com" for ::1 at 2019-12-09 15:56:37 -0800
Processing by UsersController#create as */*
  Parameters: {"some_category"=>{"a_key"=>{": 'another value',\nsome_category"=>{"a_second_key"=>{": 'yet another value',\nsome_category"=>{"inner_inner_hash"=>{"key"=>{": 'value',\nsomething_else: 'aaahhhhh'\nmore"=>nil}}}}}}}, "user"=>{"name"=>"trevor", "email"=>"up@tain.com"}}
  [1m[35m (0.1ms)[0m  [1m[35mBEGIN[0m
  ↳ app/controllers/users_controller.rb:11
  [1m[36mUser Create (0.2ms)[0m  [1m[32mINSERT INTO "users" ("name", "email") VALUES ($1, $2) RETURNING "id"[0m  [["name", "trevor"], ["email", "up@tain.com"]]
  ↳ app/controllers/users_controller.rb:11
  [1m[35m (3.3ms)[0m  [1m[35mCOMMIT[0m
  ↳ app/controllers/users_controller.rb:11
Completed 200 OK in 5ms (Views: 0.2ms | ActiveRecord: 3.6ms)


Started POST "/users?user[name]=trevor" for ::1 at 2019-12-09 15:56:44 -0800
Processing by UsersController#create as */*
  Parameters: {"some_category"=>{"a_key"=>{": 'another value',\nsome_category"=>{"a_second_key"=>{": 'yet another value',\nsome_category"=>{"inner_inner_hash"=>{"key"=>{": 'value',\nsomething_else: 'aaahhhhh'\nmore"=>nil}}}}}}}, "user"=>{"name"=>"trevor"}}
  [1m[35m (0.1ms)[0m  [1m[35mBEGIN[0m
  ↳ app/controllers/users_controller.rb:11
  [1m[35m (0.1ms)[0m  [1m[31mROLLBACK[0m
  ↳ app/controllers/users_controller.rb:11
Completed 422 Unprocessable Entity in 2ms (Views: 0.1ms | ActiveRecord: 0.2ms)


Started GET "/users/1" for ::1 at 2019-12-09 15:58:08 -0800
Processing by UsersController#show as */*
  Parameters: {"some_category"=>{"a_key"=>{": 'another value',\nsome_category"=>{"a_second_key"=>{": 'yet another value',\nsome_category"=>{"inner_inner_hash"=>{"key"=>{": 'value',\nsomething_else: 'aaahhhhh'\nmore"=>nil}}}}}}}, "id"=>"1"}
Completed 200 OK in 1ms (Views: 0.2ms | ActiveRecord: 0.0ms)


Started GET "/users/1" for ::1 at 2019-12-09 15:58:24 -0800
Processing by UsersController#show as */*
  Parameters: {"id"=>"1"}
Completed 200 OK in 0ms (Views: 0.1ms | ActiveRecord: 0.0ms)


Started GET "/users/1" for ::1 at 2019-12-09 15:59:42 -0800
Processing by UsersController#show as */*
  Parameters: {"id"=>"1"}
  [1m[36mUser Load (0.2ms)[0m  [1m[34mSELECT  "users".* FROM "users" WHERE "users"."id" = $1 LIMIT $2[0m  [["id", 1], ["LIMIT", 1]]
  ↳ app/controllers/users_controller.rb:19
Completed 200 OK in 9ms (Views: 0.3ms | ActiveRecord: 3.0ms)


Started GET "/users/4" for ::1 at 2019-12-09 15:59:48 -0800
Processing by UsersController#show as */*
  Parameters: {"id"=>"4"}
  [1m[36mUser Load (0.2ms)[0m  [1m[34mSELECT  "users".* FROM "users" WHERE "users"."id" = $1 LIMIT $2[0m  [["id", 4], ["LIMIT", 1]]
  ↳ app/controllers/users_controller.rb:19
Completed 200 OK in 1ms (Views: 0.1ms | ActiveRecord: 0.2ms)


Started PUT "/users/1" for ::1 at 2019-12-09 16:01:37 -0800
Processing by UsersController#update as */*
  Parameters: {"user"=>{"name"=>"jonathan"}, "id"=>"1"}
No template found for UsersController#update, rendering head :no_content
Completed 204 No Content in 7ms (ActiveRecord: 0.0ms)


  [1m[36mUser Load (0.2ms)[0m  [1m[34mSELECT  "users".* FROM "users" WHERE "users"."id" = $1 LIMIT $2[0m  [["id", 1], ["LIMIT", 1]]
  [1m[35m (0.2ms)[0m  [1m[35mBEGIN[0m
  [1m[36mUser Update (0.3ms)[0m  [1m[33mUPDATE "users" SET "name" = $1 WHERE "users"."id" = $2[0m  [["name", "jonathan"], ["id", 1]]
  [1m[35m (3.4ms)[0m  [1m[35mCOMMIT[0m
  [1m[35m (0.2ms)[0m  [1m[35mBEGIN[0m
  [1m[36mUser Update (0.3ms)[0m  [1m[33mUPDATE "users" SET "name" = $1 WHERE "users"."id" = $2[0m  [["name", "jobadia"], ["id", 1]]
  [1m[35m (4.0ms)[0m  [1m[35mCOMMIT[0m
Started PUT "/users/3" for ::1 at 2019-12-09 16:07:46 -0800
  [1m[35m (0.3ms)[0m  [1m[34mSELECT "schema_migrations"."version" FROM "schema_migrations" ORDER BY "schema_migrations"."version" ASC[0m
  ↳ /home/john/.rvm/gems/ruby-2.6.3/gems/activerecord-5.2.4/lib/active_record/log_subscriber.rb:98
Processing by UsersController#update as */*
  Parameters: {"user"=>{"name"=>"andiah"}, "id"=>"3"}
  [1m[36mUser Load (0.1ms)[0m  [1m[34mSELECT  "users".* FROM "users" WHERE "users"."id" = $1 LIMIT $2[0m  [["id", 3], ["LIMIT", 1]]
  ↳ app/controllers/users_controller.rb:24
  [1m[35m (0.2ms)[0m  [1m[35mBEGIN[0m
  ↳ app/controllers/users_controller.rb:25
  [1m[36mUser Update (0.4ms)[0m  [1m[33mUPDATE "users" SET "name" = $1 WHERE "users"."id" = $2[0m  [["name", "andiah"], ["id", 3]]
  ↳ app/controllers/users_controller.rb:25
  [1m[35m (5.4ms)[0m  [1m[35mCOMMIT[0m
  ↳ app/controllers/users_controller.rb:25
No template found for UsersController#update, rendering head :no_content
Completed 204 No Content in 26ms (ActiveRecord: 8.5ms)


Started PUT "/users/3" for ::1 at 2019-12-09 16:08:18 -0800
Processing by UsersController#update as */*
  Parameters: {"user"=>{"name"=>"andee"}, "id"=>"3"}
  [1m[36mUser Load (0.2ms)[0m  [1m[34mSELECT  "users".* FROM "users" WHERE "users"."id" = $1 LIMIT $2[0m  [["id", 3], ["LIMIT", 1]]
  ↳ app/controllers/users_controller.rb:24
  [1m[35m (0.1ms)[0m  [1m[35mBEGIN[0m
  ↳ app/controllers/users_controller.rb:25
  [1m[36mUser Update (0.3ms)[0m  [1m[33mUPDATE "users" SET "name" = $1 WHERE "users"."id" = $2[0m  [["name", "andee"], ["id", 3]]
  ↳ app/controllers/users_controller.rb:25
  [1m[35m (8.0ms)[0m  [1m[35mCOMMIT[0m
  ↳ app/controllers/users_controller.rb:25
Completed 200 OK in 20ms (Views: 0.5ms | ActiveRecord: 11.3ms)


Started PUT "/users/3" for ::1 at 2019-12-09 16:08:40 -0800
Processing by UsersController#update as */*
  Parameters: {"user"=>{"name"=>""}, "id"=>"3"}
  [1m[36mUser Load (0.3ms)[0m  [1m[34mSELECT  "users".* FROM "users" WHERE "users"."id" = $1 LIMIT $2[0m  [["id", 3], ["LIMIT", 1]]
  ↳ app/controllers/users_controller.rb:24
  [1m[35m (0.1ms)[0m  [1m[35mBEGIN[0m
  ↳ app/controllers/users_controller.rb:25
  [1m[35m (0.9ms)[0m  [1m[31mROLLBACK[0m
  ↳ app/controllers/users_controller.rb:25
Completed 200 OK in 7ms (Views: 0.5ms | ActiveRecord: 1.3ms)


Started PUT "/users/3" for ::1 at 2019-12-09 16:08:48 -0800
Processing by UsersController#update as */*
  Parameters: {"id"=>"3"}
  [1m[36mUser Load (0.2ms)[0m  [1m[34mSELECT  "users".* FROM "users" WHERE "users"."id" = $1 LIMIT $2[0m  [["id", 3], ["LIMIT", 1]]
  ↳ app/controllers/users_controller.rb:24
Completed 400 Bad Request in 1ms (ActiveRecord: 0.2ms)



ActionController::ParameterMissing - param is missing or the value is empty: user:
  app/controllers/users_controller.rb:36:in `user_params'
  app/controllers/users_controller.rb:25:in `update'

Started PUT "/users/3" for ::1 at 2019-12-09 16:08:54 -0800
Processing by UsersController#update as */*
  Parameters: {"user"=>{"name"=>""}, "id"=>"3"}
  [1m[36mUser Load (0.2ms)[0m  [1m[34mSELECT  "users".* FROM "users" WHERE "users"."id" = $1 LIMIT $2[0m  [["id", 3], ["LIMIT", 1]]
  ↳ app/controllers/users_controller.rb:24
  [1m[35m (0.1ms)[0m  [1m[35mBEGIN[0m
  ↳ app/controllers/users_controller.rb:25
  [1m[35m (0.1ms)[0m  [1m[31mROLLBACK[0m
  ↳ app/controllers/users_controller.rb:25
Completed 200 OK in 3ms (Views: 0.2ms | ActiveRecord: 0.4ms)


Started PUT "/users/3" for ::1 at 2019-12-09 16:09:05 -0800
Processing by UsersController#update as */*
  Parameters: {"user"=>{"name"=>"andrew"}, "id"=>"3"}
  [1m[36mUser Load (0.2ms)[0m  [1m[34mSELECT  "users".* FROM "users" WHERE "users"."id" = $1 LIMIT $2[0m  [["id", 3], ["LIMIT", 1]]
  ↳ app/controllers/users_controller.rb:24
  [1m[35m (0.1ms)[0m  [1m[35mBEGIN[0m
  ↳ app/controllers/users_controller.rb:25
  [1m[36mUser Update (0.3ms)[0m  [1m[33mUPDATE "users" SET "name" = $1 WHERE "users"."id" = $2[0m  [["name", "andrew"], ["id", 3]]
  ↳ app/controllers/users_controller.rb:25
  [1m[35m (3.7ms)[0m  [1m[35mCOMMIT[0m
  ↳ app/controllers/users_controller.rb:25
Completed 200 OK in 7ms (Views: 0.2ms | ActiveRecord: 4.3ms)


Started PUT "/users/3" for ::1 at 2019-12-09 16:10:21 -0800
Processing by UsersController#update as */*
  Parameters: {"user"=>{"name"=>""}, "id"=>"3"}
  [1m[36mUser Load (0.1ms)[0m  [1m[34mSELECT  "users".* FROM "users" WHERE "users"."id" = $1 LIMIT $2[0m  [["id", 3], ["LIMIT", 1]]
  ↳ app/controllers/users_controller.rb:24
  [1m[35m (0.1ms)[0m  [1m[35mBEGIN[0m
  ↳ app/controllers/users_controller.rb:25
  [1m[35m (0.2ms)[0m  [1m[31mROLLBACK[0m
  ↳ app/controllers/users_controller.rb:25
Completed 200 OK in 9ms (Views: 0.5ms | ActiveRecord: 2.3ms)


Started PUT "/users/3" for ::1 at 2019-12-09 16:10:31 -0800
  [1m[35m (0.5ms)[0m  [1m[34mSELECT "schema_migrations"."version" FROM "schema_migrations" ORDER BY "schema_migrations"."version" ASC[0m
  ↳ /home/john/.rvm/gems/ruby-2.6.3/gems/activerecord-5.2.4/lib/active_record/log_subscriber.rb:98
Processing by UsersController#update as */*
  Parameters: {"user"=>{"name"=>""}, "id"=>"3"}
  [1m[36mUser Load (0.2ms)[0m  [1m[34mSELECT  "users".* FROM "users" WHERE "users"."id" = $1 LIMIT $2[0m  [["id", 3], ["LIMIT", 1]]
  ↳ app/controllers/users_controller.rb:24
  [1m[35m (0.1ms)[0m  [1m[35mBEGIN[0m
  ↳ app/controllers/users_controller.rb:25
  [1m[35m (0.1ms)[0m  [1m[31mROLLBACK[0m
  ↳ app/controllers/users_controller.rb:25
Completed 200 OK in 14ms (Views: 0.2ms | ActiveRecord: 3.3ms)


Started PUT "/users/3" for ::1 at 2019-12-09 16:10:51 -0800
Processing by UsersController#update as */*
  Parameters: {"user"=>{"name"=>"andrew"}, "id"=>"3"}
  [1m[36mUser Load (0.3ms)[0m  [1m[34mSELECT  "users".* FROM "users" WHERE "users"."id" = $1 LIMIT $2[0m  [["id", 3], ["LIMIT", 1]]
  ↳ app/controllers/users_controller.rb:24
  [1m[35m (0.2ms)[0m  [1m[35mBEGIN[0m
  ↳ app/controllers/users_controller.rb:25
  [1m[35m (0.2ms)[0m  [1m[35mCOMMIT[0m
  ↳ app/controllers/users_controller.rb:25
Completed 200 OK in 10ms (Views: 0.4ms | ActiveRecord: 3.0ms)


Started DELETE "/users/4" for ::1 at 2019-12-09 16:11:04 -0800
Processing by UsersController#destroy as */*
  Parameters: {"user"=>{"name"=>"andrew"}, "id"=>"4"}
No template found for UsersController#destroy, rendering head :no_content
Completed 204 No Content in 8ms (ActiveRecord: 0.0ms)


Started DELETE "/users/4" for ::1 at 2019-12-09 16:12:39 -0800
Processing by UsersController#destroy as */*
  Parameters: {"id"=>"4"}
  [1m[36mUser Load (0.2ms)[0m  [1m[34mSELECT  "users".* FROM "users" WHERE "users"."id" = $1 LIMIT $2[0m  [["id", 4], ["LIMIT", 1]]
  ↳ app/controllers/users_controller.rb:31
  [1m[35m (0.1ms)[0m  [1m[35mBEGIN[0m
  ↳ app/controllers/users_controller.rb:32
  [1m[36mUser Destroy (0.5ms)[0m  [1m[31mDELETE FROM "users" WHERE "users"."id" = $1[0m  [["id", 4]]
  ↳ app/controllers/users_controller.rb:32
  [1m[35m (8.8ms)[0m  [1m[35mCOMMIT[0m
  ↳ app/controllers/users_controller.rb:32
Completed 200 OK in 18ms (Views: 0.4ms | ActiveRecord: 12.3ms)


Started GET "/users" for ::1 at 2019-12-09 16:12:48 -0800
Processing by UsersController#index as */*
  [1m[36mUser Load (0.3ms)[0m  [1m[34mSELECT "users".* FROM "users"[0m
  ↳ app/controllers/users_controller.rb:6
Completed 200 OK in 1ms (Views: 0.9ms | ActiveRecord: 0.3ms)


  [1m[36mUser Load (0.3ms)[0m  [1m[34mSELECT "users".* FROM "users"[0m
  [1m[35m (0.1ms)[0m  [1m[34mSELECT pg_try_advisory_lock(5991560949543503355)[0m
  ↳ bin/rails:9
  [1m[35m (0.4ms)[0m  [1m[34mSELECT "schema_migrations"."version" FROM "schema_migrations" ORDER BY "schema_migrations"."version" ASC[0m
  ↳ bin/rails:9
Migrating to RemoveEmailFromUser (20191210001846)
  [1m[35m (0.1ms)[0m  [1m[35mBEGIN[0m
  ↳ bin/rails:9
  [1m[35m (0.5ms)[0m  [1m[35mALTER TABLE "users" DROP COLUMN "name"[0m
  ↳ db/migrate/20191210001846_remove_email_from_user.rb:3
  [1m[35m (0.2ms)[0m  [1m[35mALTER TABLE "users" DROP COLUMN "email"[0m
  ↳ db/migrate/20191210001846_remove_email_from_user.rb:4
  [1m[35m (0.2ms)[0m  [1m[31mROLLBACK[0m
  ↳ bin/rails:9
  [1m[35m (0.2ms)[0m  [1m[34mSELECT pg_advisory_unlock(5991560949543503355)[0m
  ↳ bin/rails:9
  [1m[35m (0.1ms)[0m  [1m[34mSELECT pg_try_advisory_lock(5991560949543503355)[0m
  ↳ bin/rails:9
  [1m[35m (0.3ms)[0m  [1m[34mSELECT "schema_migrations"."version" FROM "schema_migrations" ORDER BY "schema_migrations"."version" ASC[0m
  ↳ bin/rails:9
Migrating to RemoveEmailFromUser (20191210001846)
  [1m[35m (0.1ms)[0m  [1m[35mBEGIN[0m
  ↳ bin/rails:9
  [1m[35m (0.4ms)[0m  [1m[35mALTER TABLE "users" DROP COLUMN "name"[0m
  ↳ db/migrate/20191210001846_remove_email_from_user.rb:3
  [1m[35m (0.1ms)[0m  [1m[35mALTER TABLE "users" DROP COLUMN "email"[0m
  ↳ db/migrate/20191210001846_remove_email_from_user.rb:4
  [1m[35m (0.2ms)[0m  [1m[35mALTER TABLE "users" ADD "username" character varying[0m
  ↳ db/migrate/20191210001846_remove_email_from_user.rb:5
  [1m[36mActiveRecord::SchemaMigration Create (0.2ms)[0m  [1m[32mINSERT INTO "schema_migrations" ("version") VALUES ($1) RETURNING "version"[0m  [["version", "20191210001846"]]
  ↳ bin/rails:9
  [1m[35m (2.8ms)[0m  [1m[35mCOMMIT[0m
  ↳ bin/rails:9
  [1m[36mActiveRecord::InternalMetadata Load (0.4ms)[0m  [1m[34mSELECT  "ar_internal_metadata".* FROM "ar_internal_metadata" WHERE "ar_internal_metadata"."key" = $1 LIMIT $2[0m  [["key", "environment"], ["LIMIT", 1]]
  ↳ bin/rails:9
  [1m[35m (0.1ms)[0m  [1m[35mBEGIN[0m
  ↳ bin/rails:9
  [1m[35m (0.1ms)[0m  [1m[35mCOMMIT[0m
  ↳ bin/rails:9
  [1m[35m (0.2ms)[0m  [1m[34mSELECT pg_advisory_unlock(5991560949543503355)[0m
  ↳ bin/rails:9
  [1m[35m (0.1ms)[0m  [1m[34mSELECT "schema_migrations"."version" FROM "schema_migrations" ORDER BY "schema_migrations"."version" ASC[0m
  ↳ bin/rails:9
  [1m[35m (0.2ms)[0m  [1m[34mSELECT pg_try_advisory_lock(5991560949543503355)[0m
  ↳ bin/rails:9
  [1m[35m (0.3ms)[0m  [1m[34mSELECT "schema_migrations"."version" FROM "schema_migrations" ORDER BY "schema_migrations"."version" ASC[0m
  ↳ bin/rails:9
Migrating to UpdateUserModel (20191210002521)
  [1m[35m (0.2ms)[0m  [1m[35mBEGIN[0m
  ↳ bin/rails:9
  [1m[35m (11.0ms)[0m  [1m[35mCREATE UNIQUE INDEX  "index_users_on_username" ON "users"  ("username")[0m
  ↳ db/migrate/20191210002521_update_user_model.rb:3
  [1m[36mActiveRecord::SchemaMigration Create (0.2ms)[0m  [1m[32mINSERT INTO "schema_migrations" ("version") VALUES ($1) RETURNING "version"[0m  [["version", "20191210002521"]]
  ↳ bin/rails:9
  [1m[35m (1.3ms)[0m  [1m[35mCOMMIT[0m
  ↳ bin/rails:9
  [1m[36mActiveRecord::InternalMetadata Load (0.3ms)[0m  [1m[34mSELECT  "ar_internal_metadata".* FROM "ar_internal_metadata" WHERE "ar_internal_metadata"."key" = $1 LIMIT $2[0m  [["key", "environment"], ["LIMIT", 1]]
  ↳ bin/rails:9
  [1m[35m (0.1ms)[0m  [1m[35mBEGIN[0m
  ↳ bin/rails:9
  [1m[35m (0.1ms)[0m  [1m[35mCOMMIT[0m
  ↳ bin/rails:9
  [1m[35m (0.3ms)[0m  [1m[34mSELECT pg_advisory_unlock(5991560949543503355)[0m
  ↳ bin/rails:9
  [1m[35m (0.2ms)[0m  [1m[34mSELECT "schema_migrations"."version" FROM "schema_migrations" ORDER BY "schema_migrations"."version" ASC[0m
  ↳ bin/rails:9
  [1m[35m (0.1ms)[0m  [1m[34mSELECT pg_try_advisory_lock(5991560949543503355)[0m
  ↳ bin/rails:9
  [1m[35m (0.3ms)[0m  [1m[34mSELECT "schema_migrations"."version" FROM "schema_migrations" ORDER BY "schema_migrations"."version" ASC[0m
  ↳ bin/rails:9
Migrating to UpdateUserName (20191210002942)
  [1m[35m (0.1ms)[0m  [1m[35mBEGIN[0m
  ↳ bin/rails:9
  [1m[35m (0.1ms)[0m  [1m[31mROLLBACK[0m
  ↳ bin/rails:9
  [1m[35m (0.2ms)[0m  [1m[34mSELECT pg_advisory_unlock(5991560949543503355)[0m
  ↳ bin/rails:9
  [1m[35m (0.1ms)[0m  [1m[34mSELECT pg_try_advisory_lock(5991560949543503355)[0m
  ↳ bin/rails:9
  [1m[35m (0.3ms)[0m  [1m[34mSELECT "schema_migrations"."version" FROM "schema_migrations" ORDER BY "schema_migrations"."version" ASC[0m
  ↳ bin/rails:9
Migrating to UpdateUserName (20191210002942)
  [1m[35m (0.1ms)[0m  [1m[35mBEGIN[0m
  ↳ bin/rails:9
  [1m[35m (1.0ms)[0m  [1m[35mALTER TABLE "users" ALTER COLUMN "username" TYPE character varying[0m
  ↳ db/migrate/20191210002942_update_user_name.rb:3
  [1m[36mActiveRecord::SchemaMigration Create (0.2ms)[0m  [1m[32mINSERT INTO "schema_migrations" ("version") VALUES ($1) RETURNING "version"[0m  [["version", "20191210002942"]]
  ↳ bin/rails:9
  [1m[35m (8.6ms)[0m  [1m[35mCOMMIT[0m
  ↳ bin/rails:9
  [1m[36mActiveRecord::InternalMetadata Load (0.3ms)[0m  [1m[34mSELECT  "ar_internal_metadata".* FROM "ar_internal_metadata" WHERE "ar_internal_metadata"."key" = $1 LIMIT $2[0m  [["key", "environment"], ["LIMIT", 1]]
  ↳ bin/rails:9
  [1m[35m (0.0ms)[0m  [1m[35mBEGIN[0m
  ↳ bin/rails:9
  [1m[35m (0.0ms)[0m  [1m[35mCOMMIT[0m
  ↳ bin/rails:9
  [1m[35m (0.1ms)[0m  [1m[34mSELECT pg_advisory_unlock(5991560949543503355)[0m
  ↳ bin/rails:9
  [1m[35m (0.1ms)[0m  [1m[34mSELECT "schema_migrations"."version" FROM "schema_migrations" ORDER BY "schema_migrations"."version" ASC[0m
  ↳ bin/rails:9
  [1m[35m (0.3ms)[0m  [1m[34mSELECT "schema_migrations"."version" FROM "schema_migrations" ORDER BY "schema_migrations"."version" ASC[0m
  ↳ bin/rails:9
  [1m[35m (0.2ms)[0m  [1m[34mSELECT "ar_internal_metadata"."value" FROM "ar_internal_metadata" WHERE "ar_internal_metadata"."key" = $1[0m  [["key", "environment"]]
  ↳ bin/rails:9
  [1m[35m (0.1ms)[0m  [1m[34mSELECT "schema_migrations"."version" FROM "schema_migrations" ORDER BY "schema_migrations"."version" ASC[0m
  ↳ bin/rails:9
  [1m[35m (0.2ms)[0m  [1m[34mSELECT "ar_internal_metadata"."value" FROM "ar_internal_metadata" WHERE "ar_internal_metadata"."key" = $1[0m  [["key", "environment"]]
  ↳ bin/rails:9
  [1m[35m (0.1ms)[0m  [1m[34mSELECT "schema_migrations"."version" FROM "schema_migrations" ORDER BY "schema_migrations"."version" ASC[0m
  ↳ bin/rails:9
  [1m[35m (0.1ms)[0m  [1m[34mSELECT "ar_internal_metadata"."value" FROM "ar_internal_metadata" WHERE "ar_internal_metadata"."key" = $1[0m  [["key", "environment"]]
  ↳ bin/rails:9
  [1m[35m (113.3ms)[0m  [1m[35mDROP DATABASE IF EXISTS "first_routes_deux_development"[0m
  ↳ bin/rails:9
  [1m[35m (114.3ms)[0m  [1m[35mDROP DATABASE IF EXISTS "first_routes_deux_test"[0m
  ↳ bin/rails:9
  [1m[35m (266.5ms)[0m  [1m[35mCREATE DATABASE "first_routes_deux_development" ENCODING = 'unicode'[0m
  ↳ bin/rails:9
  [1m[35m (244.2ms)[0m  [1m[35mCREATE DATABASE "first_routes_deux_test" ENCODING = 'unicode'[0m
  ↳ bin/rails:9
  [1m[35mSQL (0.6ms)[0m  [1m[35mCREATE EXTENSION IF NOT EXISTS "plpgsql"[0m
  ↳ db/schema.rb:16
  [1m[35m (0.4ms)[0m  [1m[35mDROP TABLE IF EXISTS "users" CASCADE[0m
  ↳ db/schema.rb:18
  [1m[35m (18.1ms)[0m  [1m[35mCREATE TABLE "users" ("id" bigserial primary key, "username" character varying)[0m
  ↳ db/schema.rb:18
  [1m[35m (5.0ms)[0m  [1m[35mCREATE UNIQUE INDEX  "index_users_on_username" ON "users"  ("username")[0m
  ↳ db/schema.rb:18
  [1m[35m (10.1ms)[0m  [1m[35mCREATE TABLE "schema_migrations" ("version" character varying NOT NULL PRIMARY KEY)[0m
  ↳ db/schema.rb:13
  [1m[35m (0.5ms)[0m  [1m[34mSELECT "schema_migrations"."version" FROM "schema_migrations" ORDER BY "schema_migrations"."version" ASC[0m
  ↳ db/schema.rb:13
  [1m[35m (1.3ms)[0m  [1m[32mINSERT INTO "schema_migrations" (version) VALUES (20191210002942)[0m
  ↳ db/schema.rb:13
  [1m[35m (1.3ms)[0m  [1m[32mINSERT INTO "schema_migrations" (version) VALUES
(20191210001846),
(20191209234333),
(20191210002521);

[0m
  ↳ db/schema.rb:13
  [1m[35m (9.2ms)[0m  [1m[35mCREATE TABLE "ar_internal_metadata" ("key" character varying NOT NULL PRIMARY KEY, "value" character varying, "created_at" timestamp NOT NULL, "updated_at" timestamp NOT NULL)[0m
  ↳ db/schema.rb:13
  [1m[36mActiveRecord::InternalMetadata Load (0.7ms)[0m  [1m[34mSELECT  "ar_internal_metadata".* FROM "ar_internal_metadata" WHERE "ar_internal_metadata"."key" = $1 LIMIT $2[0m  [["key", "environment"], ["LIMIT", 1]]
  ↳ db/schema.rb:13
  [1m[35m (0.6ms)[0m  [1m[35mBEGIN[0m
  ↳ db/schema.rb:13
  [1m[36mActiveRecord::InternalMetadata Create (1.0ms)[0m  [1m[32mINSERT INTO "ar_internal_metadata" ("key", "value", "created_at", "updated_at") VALUES ($1, $2, $3, $4) RETURNING "key"[0m  [["key", "environment"], ["value", "development"], ["created_at", "2019-12-10 00:33:53.519511"], ["updated_at", "2019-12-10 00:33:53.519511"]]
  ↳ db/schema.rb:13
  [1m[35m (1.5ms)[0m  [1m[35mCOMMIT[0m
  ↳ db/schema.rb:13
  [1m[36mActiveRecord::InternalMetadata Load (0.5ms)[0m  [1m[34mSELECT  "ar_internal_metadata".* FROM "ar_internal_metadata" WHERE "ar_internal_metadata"."key" = $1 LIMIT $2[0m  [["key", "environment"], ["LIMIT", 1]]
  ↳ bin/rails:9
  [1m[35m (0.3ms)[0m  [1m[35mBEGIN[0m
  ↳ bin/rails:9
  [1m[35m (0.3ms)[0m  [1m[35mCOMMIT[0m
  ↳ bin/rails:9
  [1m[35mSQL (0.2ms)[0m  [1m[35mCREATE EXTENSION IF NOT EXISTS "plpgsql"[0m
  ↳ db/schema.rb:16
  [1m[35m (0.2ms)[0m  [1m[35mDROP TABLE IF EXISTS "users" CASCADE[0m
  ↳ db/schema.rb:18
  [1m[35m (17.6ms)[0m  [1m[35mCREATE TABLE "users" ("id" bigserial primary key, "username" character varying)[0m
  ↳ db/schema.rb:18
  [1m[35m (5.9ms)[0m  [1m[35mCREATE UNIQUE INDEX  "index_users_on_username" ON "users"  ("username")[0m
  ↳ db/schema.rb:18
  [1m[35m (12.8ms)[0m  [1m[35mCREATE TABLE "schema_migrations" ("version" character varying NOT NULL PRIMARY KEY)[0m
  ↳ db/schema.rb:13
  [1m[35m (0.4ms)[0m  [1m[34mSELECT "schema_migrations"."version" FROM "schema_migrations" ORDER BY "schema_migrations"."version" ASC[0m
  ↳ db/schema.rb:13
  [1m[35m (1.9ms)[0m  [1m[32mINSERT INTO "schema_migrations" (version) VALUES (20191210002942)[0m
  ↳ db/schema.rb:13
  [1m[35m (2.1ms)[0m  [1m[32mINSERT INTO "schema_migrations" (version) VALUES
(20191210001846),
(20191209234333),
(20191210002521);

[0m
  ↳ db/schema.rb:13
  [1m[35m (13.7ms)[0m  [1m[35mCREATE TABLE "ar_internal_metadata" ("key" character varying NOT NULL PRIMARY KEY, "value" character varying, "created_at" timestamp NOT NULL, "updated_at" timestamp NOT NULL)[0m
  ↳ db/schema.rb:13
  [1m[36mActiveRecord::InternalMetadata Load (0.9ms)[0m  [1m[34mSELECT  "ar_internal_metadata".* FROM "ar_internal_metadata" WHERE "ar_internal_metadata"."key" = $1 LIMIT $2[0m  [["key", "environment"], ["LIMIT", 1]]
  ↳ db/schema.rb:13
  [1m[35m (0.3ms)[0m  [1m[35mBEGIN[0m
  ↳ db/schema.rb:13
  [1m[36mActiveRecord::InternalMetadata Create (1.0ms)[0m  [1m[32mINSERT INTO "ar_internal_metadata" ("key", "value", "created_at", "updated_at") VALUES ($1, $2, $3, $4) RETURNING "key"[0m  [["key", "environment"], ["value", "development"], ["created_at", "2019-12-10 00:33:53.619219"], ["updated_at", "2019-12-10 00:33:53.619219"]]
  ↳ db/schema.rb:13
  [1m[35m (3.4ms)[0m  [1m[35mCOMMIT[0m
  ↳ db/schema.rb:13
  [1m[36mActiveRecord::InternalMetadata Load (0.5ms)[0m  [1m[34mSELECT  "ar_internal_metadata".* FROM "ar_internal_metadata" WHERE "ar_internal_metadata"."key" = $1 LIMIT $2[0m  [["key", "environment"], ["LIMIT", 1]]
  ↳ bin/rails:9
  [1m[35m (0.2ms)[0m  [1m[35mBEGIN[0m
  ↳ bin/rails:9
  [1m[36mActiveRecord::InternalMetadata Update (0.6ms)[0m  [1m[33mUPDATE "ar_internal_metadata" SET "value" = $1, "updated_at" = $2 WHERE "ar_internal_metadata"."key" = $3[0m  [["value", "test"], ["updated_at", "2019-12-10 00:33:53.629693"], ["key", "environment"]]
  ↳ bin/rails:9
  [1m[35m (3.8ms)[0m  [1m[35mCOMMIT[0m
  ↳ bin/rails:9
  [1m[35m (0.7ms)[0m  [1m[34mSELECT "schema_migrations"."version" FROM "schema_migrations" ORDER BY "schema_migrations"."version" ASC[0m
  ↳ bin/rails:9
  [1m[35m (0.2ms)[0m  [1m[34mSELECT pg_try_advisory_lock(5991560949543503355)[0m
  ↳ bin/rails:9
  [1m[35m (0.2ms)[0m  [1m[34mSELECT "schema_migrations"."version" FROM "schema_migrations" ORDER BY "schema_migrations"."version" ASC[0m
  ↳ bin/rails:9
  [1m[36mActiveRecord::InternalMetadata Load (0.1ms)[0m  [1m[34mSELECT  "ar_internal_metadata".* FROM "ar_internal_metadata" WHERE "ar_internal_metadata"."key" = $1 LIMIT $2[0m  [["key", "environment"], ["LIMIT", 1]]
  ↳ bin/rails:9
  [1m[35m (0.0ms)[0m  [1m[35mBEGIN[0m
  ↳ bin/rails:9
  [1m[35m (0.0ms)[0m  [1m[35mCOMMIT[0m
  ↳ bin/rails:9
  [1m[35m (0.1ms)[0m  [1m[34mSELECT pg_advisory_unlock(5991560949543503355)[0m
  ↳ bin/rails:9
  [1m[35m (0.1ms)[0m  [1m[34mSELECT "schema_migrations"."version" FROM "schema_migrations" ORDER BY "schema_migrations"."version" ASC[0m
  ↳ bin/rails:9
  [1m[35m (0.3ms)[0m  [1m[34mSELECT "schema_migrations"."version" FROM "schema_migrations" ORDER BY "schema_migrations"."version" ASC[0m
  ↳ bin/rails:9
  [1m[35m (0.2ms)[0m  [1m[34mSELECT "schema_migrations"."version" FROM "schema_migrations" ORDER BY "schema_migrations"."version" ASC[0m
  ↳ bin/rails:9
  [1m[35m (0.2ms)[0m  [1m[34mSELECT "schema_migrations"."version" FROM "schema_migrations" ORDER BY "schema_migrations"."version" ASC[0m
  ↳ bin/rails:9
  [1m[35m (0.1ms)[0m  [1m[34mSELECT pg_try_advisory_lock(5991560949543503355)[0m
  ↳ bin/rails:9
  [1m[35m (0.2ms)[0m  [1m[34mSELECT "schema_migrations"."version" FROM "schema_migrations" ORDER BY "schema_migrations"."version" ASC[0m
  ↳ bin/rails:9
Migrating to UpdateUserName (20191210002942)
  [1m[35m (0.1ms)[0m  [1m[35mBEGIN[0m
  ↳ bin/rails:9
  [1m[35m (0.2ms)[0m  [1m[31mROLLBACK[0m
  ↳ bin/rails:9
  [1m[35m (0.1ms)[0m  [1m[34mSELECT pg_advisory_unlock(5991560949543503355)[0m
  ↳ bin/rails:9
  [1m[35m (0.2ms)[0m  [1m[34mSELECT pg_try_advisory_lock(5991560949543503355)[0m
  ↳ bin/rails:9
  [1m[35m (0.3ms)[0m  [1m[34mSELECT "schema_migrations"."version" FROM "schema_migrations" ORDER BY "schema_migrations"."version" ASC[0m
  ↳ bin/rails:9
Migrating to AddPresenceToUsername (20191210004143)
  [1m[35m (0.1ms)[0m  [1m[35mBEGIN[0m
  ↳ bin/rails:9
  [1m[35m (0.9ms)[0m  [1m[35mALTER TABLE "users" ALTER COLUMN "username" TYPE character varying, ALTER COLUMN "username" SET NOT NULL[0m
  ↳ db/migrate/20191210004143_add_presence_to_username.rb:3
  [1m[36mActiveRecord::SchemaMigration Create (0.2ms)[0m  [1m[32mINSERT INTO "schema_migrations" ("version") VALUES ($1) RETURNING "version"[0m  [["version", "20191210004143"]]
  ↳ bin/rails:9
  [1m[35m (10.2ms)[0m  [1m[35mCOMMIT[0m
  ↳ bin/rails:9
  [1m[36mActiveRecord::InternalMetadata Load (0.1ms)[0m  [1m[34mSELECT  "ar_internal_metadata".* FROM "ar_internal_metadata" WHERE "ar_internal_metadata"."key" = $1 LIMIT $2[0m  [["key", "environment"], ["LIMIT", 1]]
  ↳ bin/rails:9
  [1m[35m (0.1ms)[0m  [1m[35mBEGIN[0m
  ↳ bin/rails:9
  [1m[35m (0.0ms)[0m  [1m[35mCOMMIT[0m
  ↳ bin/rails:9
  [1m[35m (0.1ms)[0m  [1m[34mSELECT pg_advisory_unlock(5991560949543503355)[0m
  ↳ bin/rails:9
  [1m[35m (0.1ms)[0m  [1m[34mSELECT "schema_migrations"."version" FROM "schema_migrations" ORDER BY "schema_migrations"."version" ASC[0m
  ↳ bin/rails:9
  [1m[36mUser Load (0.3ms)[0m  [1m[34mSELECT "users".* FROM "users"[0m
  [1m[35m (0.5ms)[0m  [1m[35mBEGIN[0m
  [1m[36mUser Exists (1.1ms)[0m  [1m[34mSELECT  1 AS one FROM "users" WHERE "users"."username" = $1 LIMIT $2[0m  [["username", "johnenriquez"], ["LIMIT", 1]]
  [1m[36mUser Create (1.3ms)[0m  [1m[32mINSERT INTO "users" ("username") VALUES ($1) RETURNING "id"[0m  [["username", "johnenriquez"]]
  [1m[35m (4.3ms)[0m  [1m[35mCOMMIT[0m
  [1m[35m (0.3ms)[0m  [1m[35mBEGIN[0m
  [1m[36mUser Exists (0.5ms)[0m  [1m[34mSELECT  1 AS one FROM "users" WHERE "users"."username" = $1 LIMIT $2[0m  [["username", "dons"], ["LIMIT", 1]]
  [1m[36mUser Create (0.5ms)[0m  [1m[32mINSERT INTO "users" ("username") VALUES ($1) RETURNING "id"[0m  [["username", "dons"]]
  [1m[35m (3.9ms)[0m  [1m[35mCOMMIT[0m
  [1m[35m (0.4ms)[0m  [1m[35mBEGIN[0m
  [1m[36mUser Exists (0.7ms)[0m  [1m[34mSELECT  1 AS one FROM "users" WHERE "users"."username" = $1 LIMIT $2[0m  [["username", "johnenriquez"], ["LIMIT", 1]]
  [1m[35m (0.4ms)[0m  [1m[31mROLLBACK[0m
  [1m[35m (0.3ms)[0m  [1m[35mBEGIN[0m
  [1m[36mUser Exists (0.7ms)[0m  [1m[34mSELECT  1 AS one FROM "users" WHERE "users"."username" = $1 LIMIT $2[0m  [["username", "johnenriquez"], ["LIMIT", 1]]
  [1m[35m (0.4ms)[0m  [1m[31mROLLBACK[0m
  [1m[35m (0.3ms)[0m  [1m[35mBEGIN[0m
  [1m[36mUser Exists (0.3ms)[0m  [1m[34mSELECT  1 AS one FROM "users" WHERE "users"."username" = $1 LIMIT $2[0m  [["username", ""], ["LIMIT", 1]]
  [1m[35m (0.2ms)[0m  [1m[31mROLLBACK[0m
  [1m[36mUser Load (0.3ms)[0m  [1m[34mSELECT  "users".* FROM "users" ORDER BY "users"."id" ASC LIMIT $1[0m  [["LIMIT", 1]]
  [1m[35m (0.2ms)[0m  [1m[35mBEGIN[0m
  [1m[36mUser Exists (0.6ms)[0m  [1m[34mSELECT  1 AS one FROM "users" WHERE "users"."username" = $1 AND "users"."id" != $2 LIMIT $3[0m  [["username", ""], ["id", 1], ["LIMIT", 1]]
  [1m[35m (0.2ms)[0m  [1m[31mROLLBACK[0m
Started POST "/users/2" for ::1 at 2019-12-09 16:47:25 -0800
  [1m[35m (0.3ms)[0m  [1m[34mSELECT "schema_migrations"."version" FROM "schema_migrations" ORDER BY "schema_migrations"."version" ASC[0m
  ↳ /home/john/.rvm/gems/ruby-2.6.3/gems/activerecord-5.2.4/lib/active_record/log_subscriber.rb:98
  
ActionController::RoutingError (No route matches [POST] "/users/2"):
  
actionpack (5.2.4) lib/action_dispatch/middleware/debug_exceptions.rb:65:in `call'
web-console (3.7.0) lib/web_console/middleware.rb:135:in `call_app'
web-console (3.7.0) lib/web_console/middleware.rb:30:in `block in call'
web-console (3.7.0) lib/web_console/middleware.rb:20:in `catch'
web-console (3.7.0) lib/web_console/middleware.rb:20:in `call'
actionpack (5.2.4) lib/action_dispatch/middleware/show_exceptions.rb:33:in `call'
railties (5.2.4) lib/rails/rack/logger.rb:38:in `call_app'
railties (5.2.4) lib/rails/rack/logger.rb:26:in `block in call'
activesupport (5.2.4) lib/active_support/tagged_logging.rb:71:in `block in tagged'
activesupport (5.2.4) lib/active_support/tagged_logging.rb:28:in `tagged'
activesupport (5.2.4) lib/active_support/tagged_logging.rb:71:in `tagged'
railties (5.2.4) lib/rails/rack/logger.rb:26:in `call'
sprockets-rails (3.2.1) lib/sprockets/rails/quiet_assets.rb:13:in `call'
actionpack (5.2.4) lib/action_dispatch/middleware/remote_ip.rb:81:in `call'
actionpack (5.2.4) lib/action_dispatch/middleware/request_id.rb:27:in `call'
rack (2.0.7) lib/rack/method_override.rb:22:in `call'
rack (2.0.7) lib/rack/runtime.rb:22:in `call'
activesupport (5.2.4) lib/active_support/cache/strategy/local_cache_middleware.rb:29:in `call'
actionpack (5.2.4) lib/action_dispatch/middleware/executor.rb:14:in `call'
actionpack (5.2.4) lib/action_dispatch/middleware/static.rb:127:in `call'
rack (2.0.7) lib/rack/sendfile.rb:111:in `call'
railties (5.2.4) lib/rails/engine.rb:524:in `call'
puma (3.12.2) lib/puma/configuration.rb:227:in `call'
puma (3.12.2) lib/puma/server.rb:674:in `handle_request'
puma (3.12.2) lib/puma/server.rb:476:in `process_client'
puma (3.12.2) lib/puma/server.rb:334:in `block in run'
puma (3.12.2) lib/puma/thread_pool.rb:135:in `block in spawn_thread'
Started PUT "/users/2" for ::1 at 2019-12-09 16:47:49 -0800
Processing by UsersController#update as */*
  Parameters: {"user"=>{"username"=>"\"\""}, "id"=>"2"}
  [1m[36mUser Load (0.3ms)[0m  [1m[34mSELECT  "users".* FROM "users" WHERE "users"."id" = $1 LIMIT $2[0m  [["id", 2], ["LIMIT", 1]]
  ↳ app/controllers/users_controller.rb:24
Unpermitted parameter: :username
  [1m[35m (0.1ms)[0m  [1m[35mBEGIN[0m
  ↳ app/controllers/users_controller.rb:25
  [1m[36mUser Exists (0.4ms)[0m  [1m[34mSELECT  1 AS one FROM "users" WHERE "users"."username" = $1 AND "users"."id" != $2 LIMIT $3[0m  [["username", "dons"], ["id", 2], ["LIMIT", 1]]
  ↳ app/controllers/users_controller.rb:25
  [1m[35m (0.1ms)[0m  [1m[35mCOMMIT[0m
  ↳ app/controllers/users_controller.rb:25
Completed 200 OK in 12ms (Views: 0.3ms | ActiveRecord: 4.9ms)


Started PUT "/users/2" for ::1 at 2019-12-09 16:47:59 -0800
Processing by UsersController#update as */*
  Parameters: {"user"=>{"username"=>"\"\""}, "id"=>"2"}
  [1m[36mUser Load (0.3ms)[0m  [1m[34mSELECT  "users".* FROM "users" WHERE "users"."id" = $1 LIMIT $2[0m  [["id", 2], ["LIMIT", 1]]
  ↳ app/controllers/users_controller.rb:24
Unpermitted parameter: :username
  [1m[35m (0.1ms)[0m  [1m[35mBEGIN[0m
  ↳ app/controllers/users_controller.rb:25
  [1m[36mUser Exists (0.2ms)[0m  [1m[34mSELECT  1 AS one FROM "users" WHERE "users"."username" = $1 AND "users"."id" != $2 LIMIT $3[0m  [["username", "dons"], ["id", 2], ["LIMIT", 1]]
  ↳ app/controllers/users_controller.rb:25
  [1m[35m (0.1ms)[0m  [1m[35mCOMMIT[0m
  ↳ app/controllers/users_controller.rb:25
Completed 200 OK in 3ms (Views: 0.1ms | ActiveRecord: 0.5ms)


Started PATCH "/users/2" for ::1 at 2019-12-09 16:48:04 -0800
Processing by UsersController#update as */*
  Parameters: {"user"=>{"username"=>"\"\""}, "id"=>"2"}
  [1m[36mUser Load (0.4ms)[0m  [1m[34mSELECT  "users".* FROM "users" WHERE "users"."id" = $1 LIMIT $2[0m  [["id", 2], ["LIMIT", 1]]
  ↳ app/controllers/users_controller.rb:24
Unpermitted parameter: :username
  [1m[35m (0.1ms)[0m  [1m[35mBEGIN[0m
  ↳ app/controllers/users_controller.rb:25
  [1m[36mUser Exists (0.2ms)[0m  [1m[34mSELECT  1 AS one FROM "users" WHERE "users"."username" = $1 AND "users"."id" != $2 LIMIT $3[0m  [["username", "dons"], ["id", 2], ["LIMIT", 1]]
  ↳ app/controllers/users_controller.rb:25
  [1m[35m (0.1ms)[0m  [1m[35mCOMMIT[0m
  ↳ app/controllers/users_controller.rb:25
Completed 200 OK in 4ms (Views: 0.1ms | ActiveRecord: 0.8ms)


Started PATCH "/users/2" for ::1 at 2019-12-09 16:48:38 -0800
Processing by UsersController#update as */*
  Parameters: {"user"=>{"username"=>"valid_name"}, "id"=>"2"}
  [1m[36mUser Load (0.2ms)[0m  [1m[34mSELECT  "users".* FROM "users" WHERE "users"."id" = $1 LIMIT $2[0m  [["id", 2], ["LIMIT", 1]]
  ↳ app/controllers/users_controller.rb:24
Unpermitted parameter: :username
  [1m[35m (0.1ms)[0m  [1m[35mBEGIN[0m
  ↳ app/controllers/users_controller.rb:25
  [1m[36mUser Exists (0.3ms)[0m  [1m[34mSELECT  1 AS one FROM "users" WHERE "users"."username" = $1 AND "users"."id" != $2 LIMIT $3[0m  [["username", "dons"], ["id", 2], ["LIMIT", 1]]
  ↳ app/controllers/users_controller.rb:25
  [1m[35m (0.1ms)[0m  [1m[35mCOMMIT[0m
  ↳ app/controllers/users_controller.rb:25
Completed 200 OK in 4ms (Views: 0.2ms | ActiveRecord: 0.8ms)


Started PATCH "/users/2" for ::1 at 2019-12-09 16:49:36 -0800
  [1m[35m (0.4ms)[0m  [1m[34mSELECT "schema_migrations"."version" FROM "schema_migrations" ORDER BY "schema_migrations"."version" ASC[0m
  ↳ /home/john/.rvm/gems/ruby-2.6.3/gems/activerecord-5.2.4/lib/active_record/log_subscriber.rb:98
Processing by UsersController#update as */*
  Parameters: {"user"=>{"username"=>"valid_name"}, "id"=>"2"}
  [1m[36mUser Load (0.3ms)[0m  [1m[34mSELECT  "users".* FROM "users" WHERE "users"."id" = $1 LIMIT $2[0m  [["id", 2], ["LIMIT", 1]]
  ↳ app/controllers/users_controller.rb:24
  [1m[35m (0.1ms)[0m  [1m[35mBEGIN[0m
  ↳ app/controllers/users_controller.rb:25
  [1m[36mUser Exists (0.4ms)[0m  [1m[34mSELECT  1 AS one FROM "users" WHERE "users"."username" = $1 AND "users"."id" != $2 LIMIT $3[0m  [["username", "valid_name"], ["id", 2], ["LIMIT", 1]]
  ↳ app/controllers/users_controller.rb:25
  [1m[36mUser Update (0.2ms)[0m  [1m[33mUPDATE "users" SET "username" = $1 WHERE "users"."id" = $2[0m  [["username", "valid_name"], ["id", 2]]
  ↳ app/controllers/users_controller.rb:25
  [1m[35m (1.3ms)[0m  [1m[35mCOMMIT[0m
  ↳ app/controllers/users_controller.rb:25
Completed 200 OK in 16ms (Views: 0.4ms | ActiveRecord: 5.3ms)


Started PATCH "/users/2" for ::1 at 2019-12-09 16:49:43 -0800
Processing by UsersController#update as */*
  Parameters: {"user"=>{"username"=>""}, "id"=>"2"}
  [1m[36mUser Load (0.3ms)[0m  [1m[34mSELECT  "users".* FROM "users" WHERE "users"."id" = $1 LIMIT $2[0m  [["id", 2], ["LIMIT", 1]]
  ↳ app/controllers/users_controller.rb:24
  [1m[35m (0.1ms)[0m  [1m[35mBEGIN[0m
  ↳ app/controllers/users_controller.rb:25
  [1m[36mUser Exists (0.3ms)[0m  [1m[34mSELECT  1 AS one FROM "users" WHERE "users"."username" = $1 AND "users"."id" != $2 LIMIT $3[0m  [["username", ""], ["id", 2], ["LIMIT", 1]]
  ↳ app/controllers/users_controller.rb:25
  [1m[35m (0.1ms)[0m  [1m[31mROLLBACK[0m
  ↳ app/controllers/users_controller.rb:25
Completed 200 OK in 6ms (Views: 0.2ms | ActiveRecord: 0.8ms)


Started GET "/users/2" for ::1 at 2019-12-09 16:49:55 -0800
Processing by UsersController#show as */*
  Parameters: {"user"=>{"username"=>""}, "id"=>"2"}
  [1m[36mUser Load (0.2ms)[0m  [1m[34mSELECT  "users".* FROM "users" WHERE "users"."id" = $1 LIMIT $2[0m  [["id", 2], ["LIMIT", 1]]
  ↳ app/controllers/users_controller.rb:19
Completed 200 OK in 1ms (Views: 0.1ms | ActiveRecord: 0.2ms)


Started GET "/users/2" for ::1 at 2019-12-09 16:54:48 -0800
  [1m[35m (0.4ms)[0m  [1m[34mSELECT "schema_migrations"."version" FROM "schema_migrations" ORDER BY "schema_migrations"."version" ASC[0m
  ↳ /home/john/.rvm/gems/ruby-2.6.3/gems/activerecord-5.2.4/lib/active_record/log_subscriber.rb:98
Processing by UsersController#show as */*
  Parameters: {"user"=>{"username"=>""}, "id"=>"2"}
  [1m[36mUser Load (0.5ms)[0m  [1m[34mSELECT  "users".* FROM "users" WHERE "users"."id" = $1 LIMIT $2[0m  [["id", 2], ["LIMIT", 1]]
  ↳ app/controllers/users_controller.rb:19
Completed 200 OK in 30ms (Views: 0.4ms | ActiveRecord: 3.6ms)


Started GET "/users/2" for ::1 at 2019-12-09 16:56:15 -0800
  [1m[35m (0.3ms)[0m  [1m[34mSELECT "schema_migrations"."version" FROM "schema_migrations" ORDER BY "schema_migrations"."version" ASC[0m
  ↳ /home/john/.rvm/gems/ruby-2.6.3/gems/activerecord-5.2.4/lib/active_record/log_subscriber.rb:98
Processing by UsersController#show as */*
  Parameters: {"user"=>{"username"=>""}, "id"=>"2"}
  [1m[36mUser Load (0.3ms)[0m  [1m[34mSELECT  "users".* FROM "users" WHERE "users"."id" = $1 LIMIT $2[0m  [["id", 2], ["LIMIT", 1]]
  ↳ app/controllers/users_controller.rb:19
Completed 200 OK in 13ms (Views: 0.5ms | ActiveRecord: 2.8ms)


Started GET "/users/1" for ::1 at 2019-12-09 16:56:19 -0800
Processing by UsersController#show as */*
  Parameters: {"user"=>{"username"=>""}, "id"=>"1"}
  [1m[36mUser Load (0.3ms)[0m  [1m[34mSELECT  "users".* FROM "users" WHERE "users"."id" = $1 LIMIT $2[0m  [["id", 1], ["LIMIT", 1]]
  ↳ app/controllers/users_controller.rb:19
Completed 200 OK in 1ms (Views: 0.2ms | ActiveRecord: 0.3ms)


